<?xml version="1.0" encoding="UTF-8"?>
<!-- Generated by org.testng.reporters.JUnitXMLReporter -->
<testsuite hostname="LAPTOP-9Q2QO88G" name="Default test" tests="8" failures="0" timestamp="1 Apr 2022 07:12:06 GMT" time="9.107" errors="0">
  <testcase name="login" time="0.117" classname="com.flipkart.Tset1"/>
  <testcase name="search" time="0.211" classname="com.flipkart.Tset1"/>
  <testcase name="mobileSelect" time="1.122" classname="com.flipkart.Tset1"/>
  <testcase name="mobileSelect" time="0.1" classname="com.flipkart.Tset1"/>
  <testcase name="mobileSelect" time="0.092" classname="com.flipkart.Tset1"/>
  <testcase name="mobileSelect" time="0.107" classname="com.flipkart.Tset1"/>
  <testcase name="mobileSelect" time="0.207" classname="com.flipkart.Tset1"/>
  <testcase name="window" time="0.279" classname="com.flipkart.Tset1"/>
</testsuite> <!-- Default test -->
