<?xml version="1.0" encoding="UTF-8"?>
<!-- Generated by org.testng.reporters.JUnitXMLReporter -->
<testsuite hostname="LAPTOP-9Q2QO88G" name="Test1" tests="16" failures="0" timestamp="1 Apr 2022 07:20:38 GMT" time="16.271" errors="0">
  <testcase name="login" time="0.164" classname="com.flipkart.Tset1"/>
  <testcase name="search" time="0.21" classname="com.flipkart.Tset1"/>
  <testcase name="mobileSelect" time="0.962" classname="com.flipkart.Tset1"/>
  <testcase name="mobileSelect" time="0.118" classname="com.flipkart.Tset1"/>
  <testcase name="mobileSelect" time="0.148" classname="com.flipkart.Tset1"/>
  <testcase name="mobileSelect" time="0.177" classname="com.flipkart.Tset1"/>
  <testcase name="mobileSelect" time="0.146" classname="com.flipkart.Tset1"/>
  <testcase name="window" time="0.214" classname="com.flipkart.Tset1"/>
  <testcase name="login" time="0.147" classname="com.flipkart.Tset"/>
  <testcase name="search" time="0.223" classname="com.flipkart.Tset"/>
  <testcase name="mobileSelect" time="1.006" classname="com.flipkart.Tset"/>
  <testcase name="mobileSelect" time="0.141" classname="com.flipkart.Tset"/>
  <testcase name="mobileSelect" time="0.117" classname="com.flipkart.Tset"/>
  <testcase name="mobileSelect" time="0.123" classname="com.flipkart.Tset"/>
  <testcase name="mobileSelect" time="0.091" classname="com.flipkart.Tset"/>
  <testcase name="window" time="0.168" classname="com.flipkart.Tset"/>
</testsuite> <!-- Test1 -->
