<?xml version="1.0" encoding="UTF-8"?>
<!-- Generated by org.testng.reporters.JUnitXMLReporter -->
<testsuite hostname="LAPTOP-9Q2QO88G" name="Test" tests="4" failures="0" timestamp="1 Apr 2022 07:30:52 GMT" time="14.551" errors="0">
  <testcase name="login" time="0.147" classname="com.flipkart.Tset1"/>
  <testcase name="search" time="0.186" classname="com.flipkart.Tset1"/>
  <testcase name="login" time="0.14" classname="com.flipkart.Tset"/>
  <testcase name="search" time="0.243" classname="com.flipkart.Tset"/>
</testsuite> <!-- Test -->
