<?xml version="1.0" encoding="UTF-8"?>
<testng-results skipped="0" failed="0" total="4" passed="4">
  <reporter-output>
  </reporter-output>
  <suite name="Suite" duration-ms="14551" started-at="2022-04-01T07:30:38Z" finished-at="2022-04-01T07:30:52Z">
    <groups>
      <group name="sanity">
        <method signature="Tset.login()[pri:1, instance:com.flipkart.Tset@3f0ee7cb]" name="login" class="com.flipkart.Tset"/>
        <method signature="Tset.search()[pri:2, instance:com.flipkart.Tset@3f0ee7cb]" name="search" class="com.flipkart.Tset"/>
        <method signature="Tset1.login()[pri:1, instance:com.flipkart.Tset1@c818063]" name="login" class="com.flipkart.Tset1"/>
        <method signature="Tset1.search()[pri:2, instance:com.flipkart.Tset1@c818063]" name="search" class="com.flipkart.Tset1"/>
      </group> <!-- sanity -->
    </groups>
    <test name="Test" duration-ms="14551" started-at="2022-04-01T07:30:38Z" finished-at="2022-04-01T07:30:52Z">
      <class name="com.flipkart.Tset1">
        <test-method status="PASS" signature="beforeClass()[pri:0, instance:com.flipkart.Tset1@c818063]" name="beforeClass" is-config="true" duration-ms="6380" started-at="2022-04-01T13:00:38Z" finished-at="2022-04-01T13:00:44Z">
          <reporter-output>
          </reporter-output>
        </test-method> <!-- beforeClass -->
        <test-method status="PASS" signature="beforScript()[pri:0, instance:com.flipkart.Tset1@c818063]" name="beforScript" is-config="true" duration-ms="0" started-at="2022-04-01T13:00:44Z" finished-at="2022-04-01T13:00:44Z">
          <reporter-output>
          </reporter-output>
        </test-method> <!-- beforScript -->
        <test-method status="PASS" signature="login()[pri:1, instance:com.flipkart.Tset1@c818063]" name="login" duration-ms="147" started-at="2022-04-01T13:00:44Z" finished-at="2022-04-01T13:00:44Z">
          <reporter-output>
          </reporter-output>
        </test-method> <!-- login -->
        <test-method status="PASS" signature="afterScript()[pri:0, instance:com.flipkart.Tset1@c818063]" name="afterScript" is-config="true" duration-ms="0" started-at="2022-04-01T13:00:44Z" finished-at="2022-04-01T13:00:44Z">
          <reporter-output>
          </reporter-output>
        </test-method> <!-- afterScript -->
        <test-method status="PASS" signature="beforScript()[pri:0, instance:com.flipkart.Tset1@c818063]" name="beforScript" is-config="true" duration-ms="1" started-at="2022-04-01T13:00:44Z" finished-at="2022-04-01T13:00:44Z">
          <reporter-output>
          </reporter-output>
        </test-method> <!-- beforScript -->
        <test-method status="PASS" signature="search()[pri:2, instance:com.flipkart.Tset1@c818063]" name="search" duration-ms="186" started-at="2022-04-01T13:00:44Z" finished-at="2022-04-01T13:00:45Z">
          <reporter-output>
          </reporter-output>
        </test-method> <!-- search -->
        <test-method status="PASS" signature="afterClass()[pri:0, instance:com.flipkart.Tset1@c818063]" name="afterClass" is-config="true" duration-ms="1236" started-at="2022-04-01T13:00:45Z" finished-at="2022-04-01T13:00:46Z">
          <reporter-output>
          </reporter-output>
        </test-method> <!-- afterClass -->
        <test-method status="PASS" signature="afterScript()[pri:0, instance:com.flipkart.Tset1@c818063]" name="afterScript" is-config="true" duration-ms="0" started-at="2022-04-01T13:00:45Z" finished-at="2022-04-01T13:00:45Z">
          <reporter-output>
          </reporter-output>
        </test-method> <!-- afterScript -->
      </class> <!-- com.flipkart.Tset1 -->
      <class name="com.flipkart.Tset">
        <test-method status="PASS" signature="beforeClass()[pri:0, instance:com.flipkart.Tset@3f0ee7cb]" name="beforeClass" is-config="true" duration-ms="4964" started-at="2022-04-01T13:00:46Z" finished-at="2022-04-01T13:00:51Z">
          <reporter-output>
          </reporter-output>
        </test-method> <!-- beforeClass -->
        <test-method status="PASS" signature="beforScript()[pri:0, instance:com.flipkart.Tset@3f0ee7cb]" name="beforScript" is-config="true" duration-ms="1" started-at="2022-04-01T13:00:51Z" finished-at="2022-04-01T13:00:51Z">
          <reporter-output>
          </reporter-output>
        </test-method> <!-- beforScript -->
        <test-method status="PASS" signature="login()[pri:1, instance:com.flipkart.Tset@3f0ee7cb]" name="login" duration-ms="140" started-at="2022-04-01T13:00:51Z" finished-at="2022-04-01T13:00:51Z">
          <reporter-output>
          </reporter-output>
        </test-method> <!-- login -->
        <test-method status="PASS" signature="beforScript()[pri:0, instance:com.flipkart.Tset@3f0ee7cb]" name="beforScript" is-config="true" duration-ms="0" started-at="2022-04-01T13:00:51Z" finished-at="2022-04-01T13:00:51Z">
          <reporter-output>
          </reporter-output>
        </test-method> <!-- beforScript -->
        <test-method status="PASS" signature="afterScript()[pri:0, instance:com.flipkart.Tset@3f0ee7cb]" name="afterScript" is-config="true" duration-ms="0" started-at="2022-04-01T13:00:51Z" finished-at="2022-04-01T13:00:51Z">
          <reporter-output>
          </reporter-output>
        </test-method> <!-- afterScript -->
        <test-method status="PASS" signature="search()[pri:2, instance:com.flipkart.Tset@3f0ee7cb]" name="search" duration-ms="243" started-at="2022-04-01T13:00:51Z" finished-at="2022-04-01T13:00:51Z">
          <reporter-output>
          </reporter-output>
        </test-method> <!-- search -->
        <test-method status="PASS" signature="afterScript()[pri:0, instance:com.flipkart.Tset@3f0ee7cb]" name="afterScript" is-config="true" duration-ms="0" started-at="2022-04-01T13:00:51Z" finished-at="2022-04-01T13:00:51Z">
          <reporter-output>
          </reporter-output>
        </test-method> <!-- afterScript -->
        <test-method status="PASS" signature="afterClass()[pri:0, instance:com.flipkart.Tset@3f0ee7cb]" name="afterClass" is-config="true" duration-ms="1240" started-at="2022-04-01T13:00:51Z" finished-at="2022-04-01T13:00:52Z">
          <reporter-output>
          </reporter-output>
        </test-method> <!-- afterClass -->
      </class> <!-- com.flipkart.Tset -->
    </test> <!-- Test -->
  </suite> <!-- Suite -->
</testng-results>
